{"message":"Unauthorized request to path: /","level":"error"}
{"message":"Unauthorized request to path: /movies","level":"error"}
{"message":"Unauthorized request to path: /","level":"error"}
{"message":"Unauthorized request to path: /","level":"error"}
{"message":"Unauthorized request to path: /","level":"error"}
{"message":"Unauthorized request to path: /","level":"error"}
{"message":"Unauthorized request to path: /","level":"error"}
{"message":"Unauthorized request to path: /","level":"error"}
{"message":"Unauthorized request to path: /movies/","level":"error"}
{"message":"Unauthorized request to path: /movies/","level":"error"}
{"message":"Unauthorized request to path: /movies/","level":"error"}
{"message":"Unauthorized request to path: /movies/","level":"error"}
{"message":"Unauthorized request to path: /bookmarks/","level":"error"}
{"message":"Unauthorized request to path: /bookmarks/","level":"error"}
{"message":"Unauthorized request to path: /bookmarks/","level":"error"}
{"message":"Unauthorized request to path: /bookmarks/","level":"error"}
{"message":"Unauthorized request to path: /bookmarks/","level":"error"}
{"message":"Unauthorized request to path: /bookmarks/","level":"error"}
{"message":"Unauthorized request to path: /bookmarks/","level":"error"}
{"message":"Unauthorized request to path: /bookmarks/","level":"error"}
{"message":"Unauthorized request to path: /bookmarks/","level":"error"}
{"message":"Unauthorized request to path: /bookmarks/","level":"error"}
{"message":"Unauthorized request to path: /bookmarks/","level":"error"}
{"message":"Unauthorized request to path: /bookmarks/","level":"error"}
{"message":"Unauthorized request to path: /bookmarks/","level":"error"}
{"message":"Unauthorized request to path: /bookmarks/","level":"error"}
{"message":"Unauthorized request to path: /bookmarks/","level":"error"}
{"message":"Unauthorized request to path: /bookmarks/","level":"error"}
{"message":"Unauthorized request to path: /bookmarks/","level":"error"}
{"message":"Unauthorized request to path: /bookmarks/","level":"error"}
{"message":"Unauthorized request to path: /bookmarks/","level":"error"}
{"message":"Unauthorized request to path: /bookmarks/","level":"error"}
{"message":"Unauthorized request to path: /bookmarks/","level":"error"}
{"message":"Unauthorized request to path: /bookmarks","level":"error"}
{"message":"Card with id acd745b5-ef49-47d7-baff-2014f45e3f98 created","level":"info"}
{"message":"Bookmark with id 2 deleted.","level":"info"}
{"message":"Bookmark with id 0 deleted.","level":"info"}
{"message":"Bookmark with id 1 deleted.","level":"info"}
{"message":"Bookmark with id 2 deleted.","level":"info"}
{"message":"Bookmark with id 2 not found.","level":"error"}
{"message":"Bookmark with id 2 not found.","level":"error"}
{"message":"Bookmark with id 2 not found.","level":"error"}
{"message":"Card with id 017a4669-101c-4faa-b9a7-d7a11c4d8cdd created","level":"info"}
{"message":"Bookmark with id 017a4669-101c-4faa-b9a7-d7a11c4d8cdd deleted.","level":"info"}
{"message":"Card with id 511e5a9a-235b-49ac-b94b-8ce1ac2cc8f4 created","level":"info"}
{"message":"Bookmark with id 511e5a9a-235b-49ac-b94b-8ce1ac2cc8f4 deleted.","level":"info"}
{"message":"Unauthorized request to path: /bookmarks","level":"error"}
{"message":"Unauthorized request to path: /","level":"error"}
{"message":"Unauthorized request to path: /","level":"error"}
{"message":"Unauthorized request to path: /bookmarks","level":"error"}
